c:\users\dmn\github\ccontrol\src\x64\release\vc143.pdb
c:\users\dmn\github\ccontrol\src\x64\release\inv.obj
c:\users\dmn\github\ccontrol\src\x64\release\eig.obj
c:\users\dmn\github\ccontrol\src\x64\release\dlyap.obj
c:\users\dmn\github\ccontrol\src\x64\release\det.obj
c:\users\dmn\github\ccontrol\src\x64\release\cholupdate.obj
c:\users\dmn\github\ccontrol\src\x64\release\chol.obj
c:\users\dmn\github\ccontrol\src\x64\release\astar.obj
c:\users\dmn\github\ccontrol\src\x64\release\main.obj
c:\users\dmn\github\ccontrol\src\x64\release\var.obj
c:\users\dmn\github\ccontrol\src\x64\release\pca.obj
c:\users\dmn\github\ccontrol\src\x64\release\vmax.obj
c:\users\dmn\github\ccontrol\src\x64\release\find.obj
c:\users\dmn\github\ccontrol\src\x64\release\cut.obj
c:\users\dmn\github\ccontrol\src\x64\release\tran.obj
c:\users\dmn\github\ccontrol\src\x64\release\svd.obj
c:\users\dmn\github\ccontrol\src\x64\release\qr.obj
c:\users\dmn\github\ccontrol\src\x64\release\nonlinsolve.obj
c:\users\dmn\github\ccontrol\src\x64\release\mul.obj
c:\users\dmn\github\ccontrol\src\x64\release\lup.obj
c:\users\dmn\github\ccontrol\src\x64\release\linsolve_lup.obj
c:\users\dmn\github\ccontrol\src\x64\release\linsolve_lower_triangular.obj
c:\users\dmn\github\ccontrol\src\x64\release\mean.obj
c:\users\dmn\github\ccontrol\src\x64\release\fisherfaces.obj
c:\users\dmn\github\ccontrol\src\x64\release\balance.obj
c:\users\dmn\github\ccontrol\src\x64\release\scan_file_names.obj
c:\users\dmn\github\ccontrol\src\x64\release\scan_sub_folder_names.obj
c:\users\dmn\github\ccontrol\src\x64\release\count_sub_folders.obj
c:\users\dmn\github\ccontrol\src\x64\release\concatenate_paths.obj
c:\users\dmn\github\ccontrol\src\x64\release\theta2ss.obj
c:\users\dmn\github\ccontrol\src\x64\release\stability.obj
c:\users\dmn\github\ccontrol\src\x64\release\mrac.obj
c:\users\dmn\github\ccontrol\src\x64\release\mpc.obj
c:\users\dmn\github\ccontrol\src\x64\release\lqi.obj
c:\users\dmn\github\ccontrol\src\x64\release\kalman.obj
c:\users\dmn\github\ccontrol\src\x64\release\c2d.obj
c:\users\dmn\github\ccontrol\src\x64\release\inpolygon.obj
c:\users\dmn\github\ccontrol\src\x64\release\pinv.obj
c:\users\dmn\github\ccontrol\src\x64\release\norm.obj
c:\users\dmn\github\ccontrol\src\x64\release\linsolve_upper_triangular.obj
c:\users\dmn\github\ccontrol\src\x64\release\linsolve_qr.obj
c:\users\dmn\github\ccontrol\src\x64\release\linsolve_gauss.obj
c:\users\dmn\github\ccontrol\src\x64\release\linsolve_chol.obj
c:\users\dmn\github\ccontrol\src\x64\release\hankel.obj
c:\users\dmn\github\ccontrol\src\x64\release\expm.obj
c:\users\dmn\github\ccontrol\src\x64\release\dot.obj
c:\users\dmn\github\ccontrol\src\x64\release\kpca.obj
c:\users\dmn\github\ccontrol\src\x64\release\kernel.obj
c:\users\dmn\github\ccontrol\src\x64\release\covm.obj
c:\users\dmn\github\ccontrol\src\x64\release\cov.obj
c:\users\dmn\github\ccontrol\src\x64\release\center.obj
c:\users\dmn\github\ccontrol\src\x64\release\lsqnonneg.obj
c:\users\dmn\github\ccontrol\src\x64\release\pdist2.obj
c:\users\dmn\github\ccontrol\src\x64\release\insert.obj
c:\users\dmn\github\ccontrol\src\x64\release\cat.obj
c:\users\dmn\github\ccontrol\src\x64\release\amax.obj
c:\users\dmn\github\ccontrol\src\x64\release\issymmetric.obj
c:\users\dmn\github\ccontrol\src\x64\release\svm.obj
c:\users\dmn\github\ccontrol\src\x64\release\dbscan.obj
c:\users\dmn\github\ccontrol\src\x64\release\sr_ukf_parameter_estimation.obj
c:\users\dmn\github\ccontrol\src\x64\release\rls.obj
c:\users\dmn\github\ccontrol\src\x64\release\okid.obj
c:\users\dmn\github\ccontrol\src\x64\release\era.obj
c:\users\dmn\github\ccontrol\src\x64\release\lda.obj
c:\users\dmn\github\ccontrol\src\x64\release\quadprog.obj
c:\users\dmn\github\ccontrol\src\x64\release\linprog.obj
c:\users\dmn\github\ccontrol\src\x64\release\vmin.obj
c:\users\dmn\github\ccontrol\src\x64\release\sum.obj
c:\users\dmn\github\ccontrol\src\x64\release\stddev.obj
c:\users\dmn\github\ccontrol\src\x64\release\randperm.obj
c:\users\dmn\github\ccontrol\src\x64\release\sort.obj
c:\users\dmn\github\ccontrol\src\x64\release\sign.obj
c:\users\dmn\github\ccontrol\src\x64\release\saturation.obj
c:\users\dmn\github\ccontrol\src\x64\release\randn.obj
c:\users\dmn\github\ccontrol\src\x64\release\print.obj
c:\users\dmn\github\ccontrol\src\x64\release\rad2deg.obj
c:\users\dmn\github\ccontrol\src\x64\release\deg2rad.obj
c:\users\dmn\github\ccontrol\src\x64\release\lbp.obj
c:\users\dmn\github\ccontrol\src\x64\release\imshow.obj
c:\users\dmn\github\ccontrol\src\x64\release\imresize.obj
c:\users\dmn\github\ccontrol\src\x64\release\imgaussfilt.obj
c:\users\dmn\github\ccontrol\src\x64\release\imfree.obj
c:\users\dmn\github\ccontrol\src\x64\release\eig_generalized.obj
c:\users\dmn\github\ccontrol\src\x64\release\conv2fft.obj
c:\users\dmn\github\ccontrol\src\x64\release\sobel.obj
c:\users\dmn\github\ccontrol\src\x64\release\ifftshift.obj
c:\users\dmn\github\ccontrol\src\x64\release\fftshift.obj
c:\users\dmn\github\ccontrol\src\x64\release\cluster_filter.obj
c:\users\dmn\github\ccontrol\src\x64\release\rank.obj
c:\users\dmn\github\ccontrol\src\x64\release\ifft2.obj
c:\users\dmn\github\ccontrol\src\x64\release\ifft.obj
c:\users\dmn\github\ccontrol\src\x64\release\fftpack.obj
c:\users\dmn\github\ccontrol\src\x64\release\fft2.obj
c:\users\dmn\github\ccontrol\src\x64\release\fft.obj
c:\users\dmn\github\ccontrol\src\x64\release\imread.obj
c:\users\dmn\github\ccontrol\src\x64\release\nn.obj
c:\users\dmn\github\ccontrol\src\x64\release\sr_ukf_state_estimation.obj
c:\users\dmn\github\ccontrol\src\x64\release\pf.obj
c:\users\dmn\github\ccontrol\src\x64\release\filtfilt.obj
c:\users\dmn\github\ccontrol\src\x64\release\pooling.obj
c:\users\dmn\github\ccontrol\src\x64\release\rpca.obj
c:\users\dmn\github\ccontrol\src\x64\release\kmeans.obj
c:\users\dmn\github\ccontrol\src\x64\release\featuredetection.obj
c:\users\dmn\github\ccontrol\src\x64\release\imcollect.obj
c:\users\dmn\github\ccontrol\src\x64\release\harris.obj
c:\users\dmn\github\ccontrol\src\x64\release\fspecial.obj
c:\users\dmn\github\ccontrol\src\x64\release\cornerdetection.obj
c:\users\dmn\github\ccontrol\src\x64\release\detectmemoryleak.obj
c:\users\dmn\github\ccontrol\src\x64\release\area.obj
c:\users\dmn\github\ccontrol\src\x64\release\amin.obj
c:\users\dmn\github\ccontrol\src\x64\release\popcount.obj
c:\users\dmn\github\ccontrol\src\x64\release\orientation.obj
c:\users\dmn\github\ccontrol\src\x64\release\anglevector.obj
c:\users\dmn\github\ccontrol\src\x64\release\clusterclassification.obj
c:\users\dmn\github\ccontrol\src\x64\release\kpca_lda_nn.obj
c:\users\dmn\github\ccontrol\src\x64\release\opa.obj
c:\users\dmn\github\ccontrol\src\x64\release\clusterratio.obj
c:\users\dmn\github\ccontrol\src\x64\release\centroid.obj
c:\users\dmn\github\ccontrol\src\x64\release\unit.obj
c:\users\dmn\github\ccontrol\src\x64\release\scalar.obj
c:\users\dmn\github\ccontrol\src\x64\release\rot2d.obj
c:\users\dmn\github\ccontrol\src\x64\release\ind2sub.obj
c:\users\dmn\github\ccontrol\src\x64\release\generalizedhough.obj
c:\users\dmn\github\ccontrol\src\x64\release\conv2.obj
c:\users\dmn\github\ccontrol\src\x64\release\clustersdistance.obj
c:\users\dmn\github\ccontrol\src\x64\release\hough.obj
c:\users\dmn\github\ccontrol\src\x64\release\conv.obj
c:\users\dmn\github\ccontrol\src\x64\release\convfft.obj
c:\users\dmn\github\ccontrol\x64\release\ccontrol.exe
c:\users\dmn\github\ccontrol\x64\release\ccontrol.pdb
c:\users\dmn\github\ccontrol\src\x64\release\brisk.obj
c:\users\dmn\github\ccontrol\src\x64\release\circleaverage.obj
c:\users\dmn\github\ccontrol\src\x64\release\close.obj
c:\users\dmn\github\ccontrol\src\x64\release\conv22.obj
c:\users\dmn\github\ccontrol\src\x64\release\dbscan2.obj
c:\users\dmn\github\ccontrol\src\x64\release\eig_sym_generalized.obj
c:\users\dmn\github\ccontrol\src\x64\release\endfile.obj
c:\users\dmn\github\ccontrol\src\x64\release\err.obj
c:\users\dmn\github\ccontrol\src\x64\release\exit_.obj
c:\users\dmn\github\ccontrol\src\x64\release\f77_aloc.obj
c:\users\dmn\github\ccontrol\src\x64\release\fast.obj
c:\users\dmn\github\ccontrol\src\x64\release\fmt.obj
c:\users\dmn\github\ccontrol\src\x64\release\fmtlib.obj
c:\users\dmn\github\ccontrol\src\x64\release\ieeeck.obj
c:\users\dmn\github\ccontrol\src\x64\release\iladlc.obj
c:\users\dmn\github\ccontrol\src\x64\release\iladlr.obj
c:\users\dmn\github\ccontrol\src\x64\release\ilaenv.obj
c:\users\dmn\github\ccontrol\src\x64\release\ilaslc.obj
c:\users\dmn\github\ccontrol\src\x64\release\ilaslr.obj
c:\users\dmn\github\ccontrol\src\x64\release\iparmq.obj
c:\users\dmn\github\ccontrol\src\x64\release\isamax.obj
c:\users\dmn\github\ccontrol\src\x64\release\i_len_trim.obj
c:\users\dmn\github\ccontrol\src\x64\release\i_nint.obj
c:\users\dmn\github\ccontrol\src\x64\release\lsame.obj
c:\users\dmn\github\ccontrol\src\x64\release\open.obj
c:\users\dmn\github\ccontrol\src\x64\release\pgm.obj
c:\users\dmn\github\ccontrol\src\x64\release\pow_dd.obj
c:\users\dmn\github\ccontrol\src\x64\release\pow_ii.obj
c:\users\dmn\github\ccontrol\src\x64\release\pow_ri.obj
c:\users\dmn\github\ccontrol\src\x64\release\r_lg10.obj
c:\users\dmn\github\ccontrol\src\x64\release\r_sign.obj
c:\users\dmn\github\ccontrol\src\x64\release\saxpy.obj
c:\users\dmn\github\ccontrol\src\x64\release\sbdsdc.obj
c:\users\dmn\github\ccontrol\src\x64\release\sbdsqr.obj
c:\users\dmn\github\ccontrol\src\x64\release\sceil.obj
c:\users\dmn\github\ccontrol\src\x64\release\scopy.obj
c:\users\dmn\github\ccontrol\src\x64\release\sdot.obj
c:\users\dmn\github\ccontrol\src\x64\release\sfe.obj
c:\users\dmn\github\ccontrol\src\x64\release\sgebak.obj
c:\users\dmn\github\ccontrol\src\x64\release\sgebal.obj
c:\users\dmn\github\ccontrol\src\x64\release\sgebd2.obj
c:\users\dmn\github\ccontrol\src\x64\release\sgebrd.obj
c:\users\dmn\github\ccontrol\src\x64\release\sgeev.obj
c:\users\dmn\github\ccontrol\src\x64\release\sgehd2.obj
c:\users\dmn\github\ccontrol\src\x64\release\sgehrd.obj
c:\users\dmn\github\ccontrol\src\x64\release\sgelq2.obj
c:\users\dmn\github\ccontrol\src\x64\release\sgelqf.obj
c:\users\dmn\github\ccontrol\src\x64\release\sgemm.obj
c:\users\dmn\github\ccontrol\src\x64\release\sgemv.obj
c:\users\dmn\github\ccontrol\src\x64\release\sgeqr2.obj
c:\users\dmn\github\ccontrol\src\x64\release\sgeqrf.obj
c:\users\dmn\github\ccontrol\src\x64\release\sger.obj
c:\users\dmn\github\ccontrol\src\x64\release\sgesdd.obj
c:\users\dmn\github\ccontrol\src\x64\release\sgesvd.obj
c:\users\dmn\github\ccontrol\src\x64\release\sgetrf.obj
c:\users\dmn\github\ccontrol\src\x64\release\sgetri.obj
c:\users\dmn\github\ccontrol\src\x64\release\sgetrs.obj
c:\users\dmn\github\ccontrol\src\x64\release\sggbak.obj
c:\users\dmn\github\ccontrol\src\x64\release\sggbal.obj
c:\users\dmn\github\ccontrol\src\x64\release\sggev.obj
c:\users\dmn\github\ccontrol\src\x64\release\sgghrd.obj
c:\users\dmn\github\ccontrol\src\x64\release\shgeqz.obj
c:\users\dmn\github\ccontrol\src\x64\release\shseqr.obj
c:\users\dmn\github\ccontrol\src\x64\release\sig_die.obj
c:\users\dmn\github\ccontrol\src\x64\release\sisnan.obj
c:\users\dmn\github\ccontrol\src\x64\release\slabad.obj
c:\users\dmn\github\ccontrol\src\x64\release\slabrd.obj
c:\users\dmn\github\ccontrol\src\x64\release\slacpy.obj
c:\users\dmn\github\ccontrol\src\x64\release\sladiv.obj
c:\users\dmn\github\ccontrol\src\x64\release\slae2.obj
c:\users\dmn\github\ccontrol\src\x64\release\slaed0.obj
c:\users\dmn\github\ccontrol\src\x64\release\slaed1.obj
c:\users\dmn\github\ccontrol\src\x64\release\slaed2.obj
c:\users\dmn\github\ccontrol\src\x64\release\slaed3.obj
c:\users\dmn\github\ccontrol\src\x64\release\slaed4.obj
c:\users\dmn\github\ccontrol\src\x64\release\slaed5.obj
c:\users\dmn\github\ccontrol\src\x64\release\slaed6.obj
c:\users\dmn\github\ccontrol\src\x64\release\slaed7.obj
c:\users\dmn\github\ccontrol\src\x64\release\slaed8.obj
c:\users\dmn\github\ccontrol\src\x64\release\slaed9.obj
c:\users\dmn\github\ccontrol\src\x64\release\slaeda.obj
c:\users\dmn\github\ccontrol\src\x64\release\slaev2.obj
c:\users\dmn\github\ccontrol\src\x64\release\slaexc.obj
c:\users\dmn\github\ccontrol\src\x64\release\slag2.obj
c:\users\dmn\github\ccontrol\src\x64\release\slahqr.obj
c:\users\dmn\github\ccontrol\src\x64\release\slahr2.obj
c:\users\dmn\github\ccontrol\src\x64\release\slaisnan.obj
c:\users\dmn\github\ccontrol\src\x64\release\slaln2.obj
c:\users\dmn\github\ccontrol\src\x64\release\slamch.obj
c:\users\dmn\github\ccontrol\src\x64\release\slamrg.obj
c:\users\dmn\github\ccontrol\src\x64\release\slange.obj
c:\users\dmn\github\ccontrol\src\x64\release\slanhs.obj
c:\users\dmn\github\ccontrol\src\x64\release\slanst.obj
c:\users\dmn\github\ccontrol\src\x64\release\slansy.obj
c:\users\dmn\github\ccontrol\src\x64\release\slanv2.obj
c:\users\dmn\github\ccontrol\src\x64\release\slapy2.obj
c:\users\dmn\github\ccontrol\src\x64\release\slapy3.obj
c:\users\dmn\github\ccontrol\src\x64\release\slaqr0.obj
c:\users\dmn\github\ccontrol\src\x64\release\slaqr1.obj
c:\users\dmn\github\ccontrol\src\x64\release\slaqr2.obj
c:\users\dmn\github\ccontrol\src\x64\release\slaqr3.obj
c:\users\dmn\github\ccontrol\src\x64\release\slaqr4.obj
c:\users\dmn\github\ccontrol\src\x64\release\slaqr5.obj
c:\users\dmn\github\ccontrol\src\x64\release\slarf.obj
c:\users\dmn\github\ccontrol\src\x64\release\slarfb.obj
c:\users\dmn\github\ccontrol\src\x64\release\slarfg.obj
c:\users\dmn\github\ccontrol\src\x64\release\slarfp.obj
c:\users\dmn\github\ccontrol\src\x64\release\slarft.obj
c:\users\dmn\github\ccontrol\src\x64\release\slarfx.obj
c:\users\dmn\github\ccontrol\src\x64\release\slartg.obj
c:\users\dmn\github\ccontrol\src\x64\release\slas2.obj
c:\users\dmn\github\ccontrol\src\x64\release\slascl.obj
c:\users\dmn\github\ccontrol\src\x64\release\slasd0.obj
c:\users\dmn\github\ccontrol\src\x64\release\slasd1.obj
c:\users\dmn\github\ccontrol\src\x64\release\slasd2.obj
c:\users\dmn\github\ccontrol\src\x64\release\slasd3.obj
c:\users\dmn\github\ccontrol\src\x64\release\slasd4.obj
c:\users\dmn\github\ccontrol\src\x64\release\slasd5.obj
c:\users\dmn\github\ccontrol\src\x64\release\slasd6.obj
c:\users\dmn\github\ccontrol\src\x64\release\slasd7.obj
c:\users\dmn\github\ccontrol\src\x64\release\slasd8.obj
c:\users\dmn\github\ccontrol\src\x64\release\slasda.obj
c:\users\dmn\github\ccontrol\src\x64\release\slasdq.obj
c:\users\dmn\github\ccontrol\src\x64\release\slasdt.obj
c:\users\dmn\github\ccontrol\src\x64\release\slaset.obj
c:\users\dmn\github\ccontrol\src\x64\release\slasq1.obj
c:\users\dmn\github\ccontrol\src\x64\release\slasq2.obj
c:\users\dmn\github\ccontrol\src\x64\release\slasq3.obj
c:\users\dmn\github\ccontrol\src\x64\release\slasq4.obj
c:\users\dmn\github\ccontrol\src\x64\release\slasq5.obj
c:\users\dmn\github\ccontrol\src\x64\release\slasq6.obj
c:\users\dmn\github\ccontrol\src\x64\release\slasr.obj
c:\users\dmn\github\ccontrol\src\x64\release\slasrt.obj
c:\users\dmn\github\ccontrol\src\x64\release\slassq.obj
c:\users\dmn\github\ccontrol\src\x64\release\slasv2.obj
c:\users\dmn\github\ccontrol\src\x64\release\slaswp.obj
c:\users\dmn\github\ccontrol\src\x64\release\slasy2.obj
c:\users\dmn\github\ccontrol\src\x64\release\slatrd.obj
c:\users\dmn\github\ccontrol\src\x64\release\snrm2.obj
c:\users\dmn\github\ccontrol\src\x64\release\sorg2r.obj
c:\users\dmn\github\ccontrol\src\x64\release\sorgbr.obj
c:\users\dmn\github\ccontrol\src\x64\release\sorghr.obj
c:\users\dmn\github\ccontrol\src\x64\release\sorgl2.obj
c:\users\dmn\github\ccontrol\src\x64\release\sorglq.obj
c:\users\dmn\github\ccontrol\src\x64\release\sorgqr.obj
c:\users\dmn\github\ccontrol\src\x64\release\sorm2l.obj
c:\users\dmn\github\ccontrol\src\x64\release\sorm2r.obj
c:\users\dmn\github\ccontrol\src\x64\release\sormbr.obj
c:\users\dmn\github\ccontrol\src\x64\release\sormhr.obj
c:\users\dmn\github\ccontrol\src\x64\release\sorml2.obj
c:\users\dmn\github\ccontrol\src\x64\release\sormlq.obj
c:\users\dmn\github\ccontrol\src\x64\release\sormql.obj
c:\users\dmn\github\ccontrol\src\x64\release\sormqr.obj
c:\users\dmn\github\ccontrol\src\x64\release\sormtr.obj
c:\users\dmn\github\ccontrol\src\x64\release\sposv.obj
c:\users\dmn\github\ccontrol\src\x64\release\spotf2.obj
c:\users\dmn\github\ccontrol\src\x64\release\spotrf.obj
c:\users\dmn\github\ccontrol\src\x64\release\spotrs.obj
c:\users\dmn\github\ccontrol\src\x64\release\srot.obj
c:\users\dmn\github\ccontrol\src\x64\release\sscal.obj
c:\users\dmn\github\ccontrol\src\x64\release\sstedc.obj
c:\users\dmn\github\ccontrol\src\x64\release\ssteqr.obj
c:\users\dmn\github\ccontrol\src\x64\release\ssterf.obj
c:\users\dmn\github\ccontrol\src\x64\release\sswap.obj
c:\users\dmn\github\ccontrol\src\x64\release\ssyevd.obj
c:\users\dmn\github\ccontrol\src\x64\release\ssygs2.obj
c:\users\dmn\github\ccontrol\src\x64\release\ssygst.obj
c:\users\dmn\github\ccontrol\src\x64\release\ssygvd.obj
c:\users\dmn\github\ccontrol\src\x64\release\ssymm.obj
c:\users\dmn\github\ccontrol\src\x64\release\ssymv.obj
c:\users\dmn\github\ccontrol\src\x64\release\ssyr2.obj
c:\users\dmn\github\ccontrol\src\x64\release\ssyr2k.obj
c:\users\dmn\github\ccontrol\src\x64\release\ssyrk.obj
c:\users\dmn\github\ccontrol\src\x64\release\ssytd2.obj
c:\users\dmn\github\ccontrol\src\x64\release\ssytrd.obj
c:\users\dmn\github\ccontrol\src\x64\release\stgevc.obj
c:\users\dmn\github\ccontrol\src\x64\release\strevc.obj
c:\users\dmn\github\ccontrol\src\x64\release\strexc.obj
c:\users\dmn\github\ccontrol\src\x64\release\strmm.obj
c:\users\dmn\github\ccontrol\src\x64\release\strmv.obj
c:\users\dmn\github\ccontrol\src\x64\release\strsm.obj
c:\users\dmn\github\ccontrol\src\x64\release\strsv.obj
c:\users\dmn\github\ccontrol\src\x64\release\strti2.obj
c:\users\dmn\github\ccontrol\src\x64\release\strtri.obj
c:\users\dmn\github\ccontrol\src\x64\release\s_cat.obj
c:\users\dmn\github\ccontrol\src\x64\release\s_cmp.obj
c:\users\dmn\github\ccontrol\src\x64\release\s_copy.obj
c:\users\dmn\github\ccontrol\src\x64\release\s_stop.obj
c:\users\dmn\github\ccontrol\src\x64\release\util.obj
c:\users\dmn\github\ccontrol\src\x64\release\wref.obj
c:\users\dmn\github\ccontrol\src\x64\release\wrtfmt.obj
c:\users\dmn\github\ccontrol\src\x64\release\wsfe.obj
c:\users\dmn\github\ccontrol\src\x64\release\xerbla.obj
c:\users\dmn\github\ccontrol\src\x64\release\ccontrol.vcxproj.cppwinrt_comp.rsp
c:\users\dmn\github\ccontrol\src\x64\release\ccontrol.vcxproj.cppwinrt_plat.rsp
c:\users\dmn\github\ccontrol\src\x64\release\ccontrol.vcxproj.mdmerge.rsp
c:\users\dmn\github\ccontrol\src\x64\release\ccontrol.vcxproj.midlrt.rsp
c:\users\dmn\github\ccontrol\src\x64\release\ccontrol.tlog\cl.command.1.tlog
c:\users\dmn\github\ccontrol\src\x64\release\ccontrol.tlog\cl.items.tlog
c:\users\dmn\github\ccontrol\src\x64\release\ccontrol.tlog\cl.read.1.tlog
c:\users\dmn\github\ccontrol\src\x64\release\ccontrol.tlog\cl.write.1.tlog
c:\users\dmn\github\ccontrol\src\x64\release\ccontrol.tlog\link.command.1.tlog
c:\users\dmn\github\ccontrol\src\x64\release\ccontrol.tlog\link.read.1.tlog
c:\users\dmn\github\ccontrol\src\x64\release\ccontrol.tlog\link.write.1.tlog
