  Astar.c
C:\Users\dmn\GitHub\CControl\src\CControl\Sources\ArtificialIntelligence\Astar.c(50,16): warning C4267: '=': conversion from 'size_t' to 'int32_t', possible loss of data
C:\Users\dmn\GitHub\CControl\src\CControl\Sources\ArtificialIntelligence\Astar.c(55,17): warning C4267: '=': conversion from 'size_t' to 'int32_t', possible loss of data
C:\Users\dmn\GitHub\CControl\src\CControl\Sources\ArtificialIntelligence\Astar.c(63,15): warning C4267: '=': conversion from 'size_t' to 'int32_t', possible loss of data
C:\Users\dmn\GitHub\CControl\src\CControl\Sources\ArtificialIntelligence\Astar.c(64,15): warning C4267: '=': conversion from 'size_t' to 'int32_t', possible loss of data
C:\Users\dmn\GitHub\CControl\src\CControl\Sources\ArtificialIntelligence\Astar.c(74,20): warning C4267: '=': conversion from 'size_t' to 'int32_t', possible loss of data
C:\Users\dmn\GitHub\CControl\src\CControl\Sources\ArtificialIntelligence\Astar.c(75,20): warning C4267: '=': conversion from 'size_t' to 'int32_t', possible loss of data
C:\Users\dmn\GitHub\CControl\src\CControl\Sources\ArtificialIntelligence\Astar.c(90,17): warning C4267: '=': conversion from 'size_t' to 'int32_t', possible loss of data
C:\Users\dmn\GitHub\CControl\src\CControl\Sources\ArtificialIntelligence\Astar.c(100,15): warning C4267: '=': conversion from 'size_t' to 'int32_t', possible loss of data
C:\Users\dmn\GitHub\CControl\src\CControl\Sources\ArtificialIntelligence\Astar.c(134,19): warning C4267: '=': conversion from 'size_t' to 'int32_t', possible loss of data
C:\Users\dmn\GitHub\CControl\src\CControl\Sources\ArtificialIntelligence\Astar.c(147,15): warning C4267: '=': conversion from 'size_t' to 'int32_t', possible loss of data
C:\Users\dmn\GitHub\CControl\src\CControl\Sources\ArtificialIntelligence\Astar.c(176,23): warning C4267: '=': conversion from 'size_t' to 'int32_t', possible loss of data
C:\Users\dmn\GitHub\CControl\src\CControl\Sources\ArtificialIntelligence\Astar.c(177,23): warning C4267: '=': conversion from 'size_t' to 'int32_t', possible loss of data
  inpolygon.c
  c2d.c
  kalman.c
  lqi.c
  mpc.c
  mrac.c
  stability.c
  theta2ss.c
  concatenate_paths.c
  count_sub_folders.c
  detectmemoryleak.c
  scan_file_names.c
  scan_sub_folder_names.c
  cornerdetection.c
C:\Users\dmn\GitHub\CControl\src\CControl\Sources\ImageProcessing\cornerdetection.c(18,80): warning C4267: 'function': conversion from 'size_t' to 'const int', possible loss of data
C:\Users\dmn\GitHub\CControl\src\CControl\Sources\ImageProcessing\cornerdetection.c(18,85): warning C4267: 'function': conversion from 'size_t' to 'const int', possible loss of data
  featuredetection.c
  fspecial.c
C:\Users\dmn\GitHub\CControl\src\CControl\Sources\ImageProcessing\fspecial.c(45,11): warning C4244: '=': conversion from 'int' to 'float', possible loss of data
C:\Users\dmn\GitHub\CControl\src\CControl\Sources\ImageProcessing\fspecial.c(53,12): warning C4244: '=': conversion from 'int' to 'float', possible loss of data
C:\Users\dmn\GitHub\CControl\src\CControl\Sources\ImageProcessing\fspecial.c(107,18): warning C4090: 'return': different 'const' qualifiers
C:\Users\dmn\GitHub\CControl\src\CControl\Sources\ImageProcessing\fspecial.c(115,18): warning C4090: 'return': different 'const' qualifiers
C:\Users\dmn\GitHub\CControl\src\CControl\Sources\ImageProcessing\fspecial.c(31,30): warning C4244: 'initializing': conversion from 'float' to 'const size_t', possible loss of data
C:\Users\dmn\GitHub\CControl\src\CControl\Sources\ImageProcessing\fspecial.c(32,14): warning C4267: 'initializing': conversion from 'size_t' to 'int', possible loss of data
C:\Users\dmn\GitHub\CControl\src\CControl\Sources\ImageProcessing\fspecial.c(87,30): warning C4244: 'initializing': conversion from 'float' to 'const size_t', possible loss of data
  generalizedhough.c
C:\Users\dmn\GitHub\CControl\src\CControl\Sources\ImageProcessing\generalizedhough.c(25,65): warning C4267: 'function': conversion from 'size_t' to 'const int', possible loss of data
C:\Users\dmn\GitHub\CControl\src\CControl\Sources\ImageProcessing\generalizedhough.c(25,70): warning C4267: 'function': conversion from 'size_t' to 'const int', possible loss of data
C:\Users\dmn\GitHub\CControl\src\CControl\Sources\ImageProcessing\generalizedhough.c(156,9): warning C4114: same type qualifier used more than once
C:\Users\dmn\GitHub\CControl\src\CControl\Sources\ImageProcessing\generalizedhough.c(169,47): warning C4244: '=': conversion from 'const int' to 'float', possible loss of data
C:\Users\dmn\GitHub\CControl\src\CControl\Sources\ImageProcessing\generalizedhough.c(134,10): warning C4090: 'initializing': different 'const' qualifiers
C:\Users\dmn\GitHub\CControl\src\CControl\Sources\ImageProcessing\generalizedhough.c(156,20): warning C4244: 'initializing': conversion from 'float' to 'const int', possible loss of data
C:\Users\dmn\GitHub\CControl\src\CControl\Sources\ImageProcessing\generalizedhough.c(312,9): warning C4114: same type qualifier used more than once
C:\Users\dmn\GitHub\CControl\src\CControl\Sources\ImageProcessing\generalizedhough.c(266,9): warning C4090: 'initializing': different 'const' qualifiers
C:\Users\dmn\GitHub\CControl\src\CControl\Sources\ImageProcessing\generalizedhough.c(293,10): warning C4090: 'initializing': different 'const' qualifiers
C:\Users\dmn\GitHub\CControl\src\CControl\Sources\ImageProcessing\generalizedhough.c(312,20): warning C4244: 'initializing': conversion from 'float' to 'const int', possible loss of data
C:\Users\dmn\GitHub\CControl\src\CControl\Sources\ImageProcessing\generalizedhough.c(402,12): warning C4090: 'function': different 'const' qualifiers
  harris.c
  hough.c
C:\Users\dmn\GitHub\CControl\src\CControl\Sources\ImageProcessing\hough.c(36,42): warning C4133: 'function': incompatible types - from 'float **' to 'size_t **'
C:\Users\dmn\GitHub\CControl\src\CControl\Sources\ImageProcessing\hough.c(42,32): warning C4133: 'function': incompatible types - from 'float **' to 'const size_t **'
C:\Users\dmn\GitHub\CControl\src\CControl\Sources\ImageProcessing\hough.c(113,17): warning C4244: '=': conversion from 'size_t' to 'float', possible loss of data
C:\Users\dmn\GitHub\CControl\src\CControl\Sources\ImageProcessing\hough.c(114,17): warning C4244: '=': conversion from 'size_t' to 'float', possible loss of data
C:\Users\dmn\GitHub\CControl\src\CControl\Sources\ImageProcessing\hough.c(182,28): warning C4244: 'function': conversion from 'const size_t' to 'float', possible loss of data
C:\Users\dmn\GitHub\CControl\src\CControl\Sources\ImageProcessing\hough.c(182,12): warning C4244: '=': conversion from 'float' to 'size_t', possible loss of data
C:\Users\dmn\GitHub\CControl\src\CControl\Sources\ImageProcessing\hough.c(220,9): warning C4244: '=': conversion from 'float' to 'size_t', possible loss of data
C:\Users\dmn\GitHub\CControl\src\CControl\Sources\ImageProcessing\hough.c(236,17): warning C4244: '=': conversion from 'float' to 'size_t', possible loss of data
  Generating Code...
  Compiling...
  imcollect.c
  imfree.c
  imgaussfilt.c
  imread.c
  imresize.c
C:\Users\dmn\GitHub\CControl\src\CControl\Sources\ImageProcessing\imresize.c(23,23): warning C4244: 'initializing': conversion from 'float' to 'const size_t', possible loss of data
C:\Users\dmn\GitHub\CControl\src\CControl\Sources\ImageProcessing\imresize.c(24,23): warning C4244: 'initializing': conversion from 'float' to 'const size_t', possible loss of data
  imshow.c
  orientation.c
  pooling.c
  rpca.c
C:\Users\dmn\GitHub\CControl\src\CControl\Sources\ImageProcessing\rpca.c(30,35): warning C4244: 'function': conversion from 'size_t' to 'const float', possible loss of data
C:\Users\dmn\GitHub\CControl\src\CControl\Sources\ImageProcessing\rpca.c(30,40): warning C4244: 'function': conversion from 'size_t' to 'const float', possible loss of data
C:\Users\dmn\GitHub\CControl\src\CControl\Sources\ImageProcessing\rpca.c(24,31): warning C4267: 'initializing': conversion from 'size_t' to 'uint32_t', possible loss of data
C:\Users\dmn\GitHub\CControl\src\CControl\Sources\ImageProcessing\rpca.c(67,31): warning C4267: 'initializing': conversion from 'size_t' to 'uint32_t', possible loss of data
C:\Users\dmn\GitHub\CControl\src\CControl\Sources\ImageProcessing\rpca.c(117,31): warning C4267: 'initializing': conversion from 'size_t' to 'uint32_t', possible loss of data
  sobel.c
  balance.c
  chol.c
C:\Users\dmn\GitHub\CControl\src\CControl\Sources\LinearAlgebra\chol.c(40,54): warning C4267: 'function': conversion from 'size_t' to 'int', possible loss of data
C:\Users\dmn\GitHub\CControl\src\CControl\Sources\LinearAlgebra\chol.c(40,62): warning C4267: 'function': conversion from 'size_t' to 'int', possible loss of data
  cholupdate.c
  conv.c
  conv2.c
  conv2fft.c
C:\Users\dmn\GitHub\CControl\src\CControl\Sources\LinearAlgebra\conv2fft.c(32,26): warning C4244: 'initializing': conversion from 'float' to 'const size_t', possible loss of data
  convfft.c
C:\Users\dmn\GitHub\CControl\src\CControl\Sources\LinearAlgebra\convfft.c(19,23): warning C4267: 'initializing': conversion from 'size_t' to 'const int', possible loss of data
  det.c
  dlyap.c
  dot.c
  Generating Code...
  Compiling...
  eig.c
C:\Users\dmn\GitHub\CControl\src\CControl\Sources\LinearAlgebra\eig.c(103,54): warning C4267: 'function': conversion from 'size_t' to 'int', possible loss of data
C:\Users\dmn\GitHub\CControl\src\CControl\Sources\LinearAlgebra\eig.c(103,62): warning C4267: 'function': conversion from 'size_t' to 'int', possible loss of data
C:\Users\dmn\GitHub\CControl\src\CControl\Sources\LinearAlgebra\eig.c(103,79): warning C4267: 'function': conversion from 'size_t' to 'int', possible loss of data
C:\Users\dmn\GitHub\CControl\src\CControl\Sources\LinearAlgebra\eig.c(103,88): warning C4267: 'function': conversion from 'size_t' to 'int', possible loss of data
C:\Users\dmn\GitHub\CControl\src\CControl\Sources\LinearAlgebra\eig.c(371,59): warning C4028: formal parameter 4 different from declaration
C:\Users\dmn\GitHub\CControl\src\CControl\Sources\LinearAlgebra\eig.c(371,89): warning C4029: declared formal parameter list different from definition
C:\Users\dmn\GitHub\CControl\src\CControl\Sources\LinearAlgebra\eig.c(453,11): warning C4267: '=': conversion from 'size_t' to 'int32_t', possible loss of data
  eig_generalized.c
C:\Users\dmn\GitHub\CControl\src\CControl\Sources\LinearAlgebra\eig_generalized.c(146,63): warning C4267: 'function': conversion from 'size_t' to 'int', possible loss of data
C:\Users\dmn\GitHub\CControl\src\CControl\Sources\LinearAlgebra\eig_generalized.c(146,72): warning C4267: 'function': conversion from 'size_t' to 'int', possible loss of data
C:\Users\dmn\GitHub\CControl\src\CControl\Sources\LinearAlgebra\eig_generalized.c(146,84): warning C4267: 'function': conversion from 'size_t' to 'int', possible loss of data
C:\Users\dmn\GitHub\CControl\src\CControl\Sources\LinearAlgebra\eig_generalized.c(165,59): warning C4267: 'function': conversion from 'size_t' to 'int', possible loss of data
C:\Users\dmn\GitHub\CControl\src\CControl\Sources\LinearAlgebra\eig_generalized.c(165,71): warning C4267: 'function': conversion from 'size_t' to 'int', possible loss of data
C:\Users\dmn\GitHub\CControl\src\CControl\Sources\LinearAlgebra\eig_generalized.c(165,83): warning C4267: 'function': conversion from 'size_t' to 'int', possible loss of data
C:\Users\dmn\GitHub\CControl\src\CControl\Sources\LinearAlgebra\eig_generalized.c(165,106): warning C4267: 'function': conversion from 'size_t' to 'int', possible loss of data
C:\Users\dmn\GitHub\CControl\src\CControl\Sources\LinearAlgebra\eig_generalized.c(165,115): warning C4267: 'function': conversion from 'size_t' to 'int', possible loss of data
  expm.c
  hankel.c
  inv.c
C:\Users\dmn\GitHub\CControl\src\CControl\Sources\LinearAlgebra\inv.c(48,56): warning C4267: 'function': conversion from 'size_t' to 'int', possible loss of data
C:\Users\dmn\GitHub\CControl\src\CControl\Sources\LinearAlgebra\inv.c(48,61): warning C4267: 'function': conversion from 'size_t' to 'int', possible loss of data
C:\Users\dmn\GitHub\CControl\src\CControl\Sources\LinearAlgebra\inv.c(48,69): warning C4267: 'function': conversion from 'size_t' to 'int', possible loss of data
C:\Users\dmn\GitHub\CControl\src\CControl\Sources\LinearAlgebra\inv.c(49,56): warning C4267: 'function': conversion from 'size_t' to 'int', possible loss of data
C:\Users\dmn\GitHub\CControl\src\CControl\Sources\LinearAlgebra\inv.c(49,64): warning C4267: 'function': conversion from 'size_t' to 'int', possible loss of data
C:\Users\dmn\GitHub\CControl\src\CControl\Sources\LinearAlgebra\inv.c(107,15): warning C4267: '=': conversion from 'size_t' to 'int32_t', possible loss of data
  linsolve_chol.c
C:\Users\dmn\GitHub\CControl\src\CControl\Sources\LinearAlgebra\linsolve_chol.c(49,53): warning C4267: 'function': conversion from 'size_t' to 'int', possible loss of data
C:\Users\dmn\GitHub\CControl\src\CControl\Sources\LinearAlgebra\linsolve_chol.c(49,68): warning C4267: 'function': conversion from 'size_t' to 'int', possible loss of data
C:\Users\dmn\GitHub\CControl\src\CControl\Sources\LinearAlgebra\linsolve_chol.c(49,76): warning C4267: 'function': conversion from 'size_t' to 'int', possible loss of data
  linsolve_gauss.c
  linsolve_lower_triangular.c
  linsolve_lup.c
C:\Users\dmn\GitHub\CControl\src\CControl\Sources\LinearAlgebra\linsolve_lup.c(39,49): warning C4267: 'function': conversion from 'size_t' to 'int', possible loss of data
C:\Users\dmn\GitHub\CControl\src\CControl\Sources\LinearAlgebra\linsolve_lup.c(39,61): warning C4267: 'function': conversion from 'size_t' to 'int', possible loss of data
C:\Users\dmn\GitHub\CControl\src\CControl\Sources\LinearAlgebra\linsolve_lup.c(39,76): warning C4267: 'function': conversion from 'size_t' to 'int', possible loss of data
  linsolve_qr.c
  linsolve_upper_triangular.c
C:\Users\dmn\GitHub\CControl\src\CControl\Sources\LinearAlgebra\linsolve_upper_triangular.c(25,16): warning C4267: '=': conversion from 'size_t' to 'int32_t', possible loss of data
  lup.c
C:\Users\dmn\GitHub\CControl\src\CControl\Sources\LinearAlgebra\lup.c(32,49): warning C4267: 'function': conversion from 'size_t' to 'int', possible loss of data
C:\Users\dmn\GitHub\CControl\src\CControl\Sources\LinearAlgebra\lup.c(32,54): warning C4267: 'function': conversion from 'size_t' to 'int', possible loss of data
C:\Users\dmn\GitHub\CControl\src\CControl\Sources\LinearAlgebra\lup.c(32,63): warning C4267: 'function': conversion from 'size_t' to 'int', possible loss of data
  mul.c
C:\Users\dmn\GitHub\CControl\src\CControl\Sources\LinearAlgebra\mul.c(104,43): warning C4267: 'function': conversion from 'size_t' to 'const int', possible loss of data
C:\Users\dmn\GitHub\CControl\src\CControl\Sources\LinearAlgebra\mul.c(104,62): warning C4267: 'function': conversion from 'size_t' to 'const int', possible loss of data
C:\Users\dmn\GitHub\CControl\src\CControl\Sources\LinearAlgebra\mul.c(121,45): warning C4267: 'function': conversion from 'size_t' to 'const int', possible loss of data
C:\Users\dmn\GitHub\CControl\src\CControl\Sources\LinearAlgebra\mul.c(121,52): warning C4267: 'function': conversion from 'size_t' to 'const int', possible loss of data
C:\Users\dmn\GitHub\CControl\src\CControl\Sources\LinearAlgebra\mul.c(121,71): warning C4267: 'function': conversion from 'size_t' to 'const int', possible loss of data
C:\Users\dmn\GitHub\CControl\src\CControl\Sources\LinearAlgebra\mul.c(107,12): warning C4267: 'initializing': conversion from 'size_t' to 'int', possible loss of data
C:\Users\dmn\GitHub\CControl\src\CControl\Sources\LinearAlgebra\mul.c(108,12): warning C4267: 'initializing': conversion from 'size_t' to 'int', possible loss of data
C:\Users\dmn\GitHub\CControl\src\CControl\Sources\LinearAlgebra\mul.c(109,12): warning C4267: 'initializing': conversion from 'size_t' to 'int', possible loss of data
C:\Users\dmn\GitHub\CControl\src\CControl\Sources\LinearAlgebra\mul.c(124,12): warning C4267: 'initializing': conversion from 'size_t' to 'int', possible loss of data
C:\Users\dmn\GitHub\CControl\src\CControl\Sources\LinearAlgebra\mul.c(125,12): warning C4267: 'initializing': conversion from 'size_t' to 'int', possible loss of data
C:\Users\dmn\GitHub\CControl\src\CControl\Sources\LinearAlgebra\mul.c(126,12): warning C4267: 'initializing': conversion from 'size_t' to 'int', possible loss of data
  nonlinsolve.c
C:\Users\dmn\GitHub\CControl\src\CControl\Sources\LinearAlgebra\nonlinsolve.c(30,9): warning C4244: 'function': conversion from 'time_t' to 'unsigned int', possible loss of data
C:\Users\dmn\GitHub\CControl\src\CControl\Sources\LinearAlgebra\nonlinsolve.c(68,42): warning C4244: '=': conversion from 'float' to 'size_t', possible loss of data
  norm.c
  pinv.c
  qr.c
C:\Users\dmn\GitHub\CControl\src\CControl\Sources\LinearAlgebra\qr.c(150,49): warning C4267: 'function': conversion from 'size_t' to 'int', possible loss of data
C:\Users\dmn\GitHub\CControl\src\CControl\Sources\LinearAlgebra\qr.c(150,56): warning C4267: 'function': conversion from 'size_t' to 'int', possible loss of data
C:\Users\dmn\GitHub\CControl\src\CControl\Sources\LinearAlgebra\qr.c(150,69): warning C4267: 'function': conversion from 'size_t' to 'int', possible loss of data
C:\Users\dmn\GitHub\CControl\src\CControl\Sources\LinearAlgebra\qr.c(181,46): warning C4267: 'function': conversion from 'size_t' to 'int', possible loss of data
C:\Users\dmn\GitHub\CControl\src\CControl\Sources\LinearAlgebra\qr.c(181,53): warning C4267: 'function': conversion from 'size_t' to 'int', possible loss of data
C:\Users\dmn\GitHub\CControl\src\CControl\Sources\LinearAlgebra\qr.c(181,63): warning C4267: 'function': conversion from 'size_t' to 'int', possible loss of data
C:\Users\dmn\GitHub\CControl\src\CControl\Sources\LinearAlgebra\qr.c(181,73): warning C4267: 'function': conversion from 'size_t' to 'int', possible loss of data
C:\Users\dmn\GitHub\CControl\src\CControl\Sources\LinearAlgebra\qr.c(184,46): warning C4267: 'function': conversion from 'size_t' to 'int', possible loss of data
C:\Users\dmn\GitHub\CControl\src\CControl\Sources\LinearAlgebra\qr.c(184,53): warning C4267: 'function': conversion from 'size_t' to 'int', possible loss of data
C:\Users\dmn\GitHub\CControl\src\CControl\Sources\LinearAlgebra\qr.c(184,63): warning C4267: 'function': conversion from 'size_t' to 'int', possible loss of data
C:\Users\dmn\GitHub\CControl\src\CControl\Sources\LinearAlgebra\qr.c(184,76): warning C4267: 'function': conversion from 'size_t' to 'int', possible loss of data
  rank.c
  svd.c
C:\Users\dmn\GitHub\CControl\src\CControl\Sources\LinearAlgebra\svd.c(154,56): warning C4267: 'function': conversion from 'size_t' to 'int', possible loss of data
C:\Users\dmn\GitHub\CControl\src\CControl\Sources\LinearAlgebra\svd.c(154,64): warning C4267: 'function': conversion from 'size_t' to 'int', possible loss of data
C:\Users\dmn\GitHub\CControl\src\CControl\Sources\LinearAlgebra\svd.c(185,11): warning C4267: 'initializing': conversion from 'size_t' to 'int', possible loss of data
C:\Users\dmn\GitHub\CControl\src\CControl\Sources\LinearAlgebra\svd.c(186,11): warning C4267: 'initializing': conversion from 'size_t' to 'int', possible loss of data
C:\Users\dmn\GitHub\CControl\src\CControl\Sources\LinearAlgebra\svd.c(611,17): warning C4267: '=': conversion from 'size_t' to 'int32_t', possible loss of data
C:\Users\dmn\GitHub\CControl\src\CControl\Sources\LinearAlgebra\svd.c(611,34): warning C4267: '=': conversion from 'size_t' to 'int32_t', possible loss of data
C:\Users\dmn\GitHub\CControl\src\CControl\Sources\LinearAlgebra\svd.c(639,17): warning C4267: '=': conversion from 'size_t' to 'int32_t', possible loss of data
C:\Users\dmn\GitHub\CControl\src\CControl\Sources\LinearAlgebra\svd.c(639,28): warning C4267: '=': conversion from 'size_t' to 'int32_t', possible loss of data
C:\Users\dmn\GitHub\CControl\src\CControl\Sources\LinearAlgebra\svd.c(686,17): warning C4267: '=': conversion from 'size_t' to 'int32_t', possible loss of data
  tran.c
  Generating Code...
  Compiling...
  clusterclassification.c
C:\Users\dmn\GitHub\CControl\src\CControl\Sources\MachineLearning\clusterclassification.c(16,43): warning C4090: 'function': different 'const' qualifiers
  dbscan.c
C:\Users\dmn\GitHub\CControl\src\CControl\Sources\MachineLearning\dbscan.c(34,33): warning C4101: 'm': unreferenced local variable
  fisherfaces.c
  kernel.c
  kmeans.c
C:\Users\dmn\GitHub\CControl\src\CControl\Sources\MachineLearning\kmeans.c(19,10): warning C4133: 'initializing': incompatible types - from 'float *' to 'size_t *'
C:\Users\dmn\GitHub\CControl\src\CControl\Sources\MachineLearning\kmeans.c(23,9): warning C4090: 'initializing': different 'const' qualifiers
  kpca.c
  kpca_lda_nn.c
C:\Users\dmn\GitHub\CControl\src\CControl\Sources\MachineLearning\kpca_lda_nn.c(31,59): warning C4090: '=': different 'const' qualifiers
C:\Users\dmn\GitHub\CControl\src\CControl\Sources\MachineLearning\kpca_lda_nn.c(43,10): warning C4477: 'printf' : format string '%i' requires an argument of type 'int', but variadic argument 1 has type 'size_t'
C:\Users\dmn\GitHub\CControl\src\CControl\Sources\MachineLearning\kpca_lda_nn.c(43,10): message : consider using '%zi' in the format string
  lbp.c
C:\Users\dmn\GitHub\CControl\src\CControl\Sources\MachineLearning\lbp.c(62,33): warning C4244: 'initializing': conversion from 'float' to 'const size_t', possible loss of data
C:\Users\dmn\GitHub\CControl\src\CControl\Sources\MachineLearning\lbp.c(63,36): warning C4244: 'initializing': conversion from 'float' to 'const size_t', possible loss of data
  nn.c
C:\Users\dmn\GitHub\CControl\src\CControl\Sources\MachineLearning\nn.c(73,20): warning C4090: 'function': different 'const' qualifiers
C:\Users\dmn\GitHub\CControl\src\CControl\Sources\MachineLearning\nn.c(76,10): warning C4477: 'printf' : format string '%i' requires an argument of type 'int', but variadic argument 1 has type 'size_t'
C:\Users\dmn\GitHub\CControl\src\CControl\Sources\MachineLearning\nn.c(76,10): message : consider using '%zi' in the format string
C:\Users\dmn\GitHub\CControl\src\CControl\Sources\MachineLearning\nn.c(138,9): warning C4477: 'printf' : format string '%i' requires an argument of type 'int', but variadic argument 2 has type 'size_t'
C:\Users\dmn\GitHub\CControl\src\CControl\Sources\MachineLearning\nn.c(138,9): message : consider using '%zi' in the format string
C:\Users\dmn\GitHub\CControl\src\CControl\Sources\MachineLearning\nn.c(138,9): warning C4477: 'printf' : format string '%i' requires an argument of type 'int', but variadic argument 3 has type 'const size_t'
C:\Users\dmn\GitHub\CControl\src\CControl\Sources\MachineLearning\nn.c(138,9): message : consider using '%zi' in the format string
C:\Users\dmn\GitHub\CControl\src\CControl\Sources\MachineLearning\nn.c(139,9): warning C4477: 'printf' : format string '%i' requires an argument of type 'int', but variadic argument 2 has type 'size_t'
C:\Users\dmn\GitHub\CControl\src\CControl\Sources\MachineLearning\nn.c(139,9): message : consider using '%zi' in the format string
C:\Users\dmn\GitHub\CControl\src\CControl\Sources\MachineLearning\nn.c(139,9): warning C4477: 'printf' : format string '%i' requires an argument of type 'int', but variadic argument 3 has type 'const size_t'
C:\Users\dmn\GitHub\CControl\src\CControl\Sources\MachineLearning\nn.c(139,9): message : consider using '%zi' in the format string
C:\Users\dmn\GitHub\CControl\src\CControl\Sources\MachineLearning\nn.c(140,9): warning C4477: 'printf' : format string '%i' requires an argument of type 'int', but variadic argument 2 has type 'size_t'
C:\Users\dmn\GitHub\CControl\src\CControl\Sources\MachineLearning\nn.c(140,9): message : consider using '%zi' in the format string
C:\Users\dmn\GitHub\CControl\src\CControl\Sources\MachineLearning\nn.c(140,9): warning C4477: 'printf' : format string '%i' requires an argument of type 'int', but variadic argument 3 has type 'const size_t'
C:\Users\dmn\GitHub\CControl\src\CControl\Sources\MachineLearning\nn.c(140,9): message : consider using '%zi' in the format string
C:\Users\dmn\GitHub\CControl\src\CControl\Sources\MachineLearning\nn.c(141,9): warning C4477: 'printf' : format string '%i' requires an argument of type 'int', but variadic argument 2 has type 'size_t'
C:\Users\dmn\GitHub\CControl\src\CControl\Sources\MachineLearning\nn.c(141,9): message : consider using '%zi' in the format string
C:\Users\dmn\GitHub\CControl\src\CControl\Sources\MachineLearning\nn.c(141,9): warning C4477: 'printf' : format string '%i' requires an argument of type 'int', but variadic argument 3 has type 'const size_t'
C:\Users\dmn\GitHub\CControl\src\CControl\Sources\MachineLearning\nn.c(141,9): message : consider using '%zi' in the format string
C:\Users\dmn\GitHub\CControl\src\CControl\Sources\MachineLearning\nn.c(155,9): warning C4244: 'function': conversion from 'time_t' to 'unsigned int', possible loss of data
  svm.c
  anglevector.c
C:\Users\dmn\GitHub\CControl\src\CControl\Sources\Miscellaneous\anglevector.c(18,27): warning C4090: 'function': different 'const' qualifiers
C:\Users\dmn\GitHub\CControl\src\CControl\Sources\Miscellaneous\anglevector.c(19,27): warning C4090: 'function': different 'const' qualifiers
  cat.c
  cut.c
C:\Users\dmn\GitHub\CControl\src\CControl\Sources\Miscellaneous\cut.c(20,9): warning C4090: 'initializing': different 'const' qualifiers
  deg2rad.c
  find.c
C:\Users\dmn\GitHub\CControl\src\CControl\Sources\Miscellaneous\find.c(26,34): warning C4267: '=': conversion from 'size_t' to 'int32_t', possible loss of data
C:\Users\dmn\GitHub\CControl\src\CControl\Sources\Miscellaneous\find.c(31,34): warning C4267: '=': conversion from 'size_t' to 'int32_t', possible loss of data
C:\Users\dmn\GitHub\CControl\src\CControl\Sources\Miscellaneous\find.c(36,34): warning C4267: '=': conversion from 'size_t' to 'int32_t', possible loss of data
C:\Users\dmn\GitHub\CControl\src\CControl\Sources\Miscellaneous\find.c(41,34): warning C4267: '=': conversion from 'size_t' to 'int32_t', possible loss of data
C:\Users\dmn\GitHub\CControl\src\CControl\Sources\Miscellaneous\find.c(46,34): warning C4267: '=': conversion from 'size_t' to 'int32_t', possible loss of data
  ind2sub.c
  insert.c
  issymmetric.c
  pdist2.c
  popcount.c
  Generating Code...
  Compiling...
  print.c
  rad2deg.c
  rot2d.c
  saturation.c
  scalar.c
  sign.c
  sort.c
  sum.c
  unit.c
  vmax.c
  vmin.c
  linprog.c
  lsqnonneg.c
  quadprog.c
  cluster_filter.c
  fft.c
  fft2.c
C:\Users\dmn\GitHub\CControl\src\CControl\Sources\SignalProcessing\fft2.c(29,28): warning C4267: 'initializing': conversion from 'size_t' to 'long', possible loss of data
C:\Users\dmn\GitHub\CControl\src\CControl\Sources\SignalProcessing\fft2.c(29,33): warning C4267: 'initializing': conversion from 'size_t' to 'long', possible loss of data
  fftshift.c
  filtfilt.c
C:\Users\dmn\GitHub\CControl\src\CControl\Sources\SignalProcessing\filtfilt.c(22,23): warning C4090: 'function': different 'const' qualifiers
C:\Users\dmn\GitHub\CControl\src\CControl\Sources\SignalProcessing\filtfilt.c(28,20): warning C4090: 'function': different 'const' qualifiers
  ifft.c
  Generating Code...
  Compiling...
  ifft2.c
C:\Users\dmn\GitHub\CControl\src\CControl\Sources\SignalProcessing\ifft2.c(26,28): warning C4267: 'initializing': conversion from 'size_t' to 'long', possible loss of data
C:\Users\dmn\GitHub\CControl\src\CControl\Sources\SignalProcessing\ifft2.c(26,33): warning C4267: 'initializing': conversion from 'size_t' to 'long', possible loss of data
  ifftshift.c
  pf.c
  sr_ukf_state_estimation.c
  amax.c
  amin.c
  area.c
  center.c
  centroid.c
  clusterratio.c
  clustersdistance.c
  cov.c
  covm.c
C:\Users\dmn\GitHub\CControl\src\CControl\Sources\Statistics\covm.c(38,26): warning C4267: '=': conversion from 'size_t' to 'uint32_t', possible loss of data
  lda.c
C:\Users\dmn\GitHub\CControl\src\CControl\Sources\Statistics\lda.c(46,26): warning C4090: 'initializing': different 'const' qualifiers
C:\Users\dmn\GitHub\CControl\src\CControl\Sources\Statistics\lda.c(169,17): warning C4090: 'function': different 'const' qualifiers
  mean.c
  opa.c
  pca.c
C:\Users\dmn\GitHub\CControl\src\CControl\Sources\Statistics\pca.c(103,45): warning C4267: 'function': conversion from 'size_t' to 'int', possible loss of data
C:\Users\dmn\GitHub\CControl\src\CControl\Sources\Statistics\pca.c(103,50): warning C4267: 'function': conversion from 'size_t' to 'int', possible loss of data
C:\Users\dmn\GitHub\CControl\src\CControl\Sources\Statistics\pca.c(103,61): warning C4267: 'function': conversion from 'size_t' to 'int', possible loss of data
C:\Users\dmn\GitHub\CControl\src\CControl\Sources\Statistics\pca.c(103,75): warning C4267: 'function': conversion from 'size_t' to 'int', possible loss of data
C:\Users\dmn\GitHub\CControl\src\CControl\Sources\Statistics\pca.c(103,86): warning C4267: 'function': conversion from 'size_t' to 'int', possible loss of data
  randn.c
C:\Users\dmn\GitHub\CControl\src\CControl\Sources\Statistics\randn.c(21,9): warning C4244: 'function': conversion from 'time_t' to 'unsigned int', possible loss of data
  randperm.c
C:\Users\dmn\GitHub\CControl\src\CControl\Sources\Statistics\randperm.c(18,11): warning C4244: 'function': conversion from 'time_t' to 'unsigned int', possible loss of data
  stddev.c
  Generating Code...
  Compiling...
  var.c
  era.c
  okid.c
  rls.c
C:\Users\dmn\GitHub\CControl\src\CControl\Sources\SystemIdentification\rls.c(66,14): warning C4267: '=': conversion from 'size_t' to 'int8_t', possible loss of data
C:\Users\dmn\GitHub\CControl\src\CControl\Sources\SystemIdentification\rls.c(70,14): warning C4267: '=': conversion from 'size_t' to 'int8_t', possible loss of data
C:\Users\dmn\GitHub\CControl\src\CControl\Sources\SystemIdentification\rls.c(74,15): warning C4267: '=': conversion from 'size_t' to 'int8_t', possible loss of data
  sr_ukf_parameter_estimation.c
  Main.c
  Generating Code...
  LINK : /LTCG specified but no code generation required; remove /LTCG from the link command line to improve linker performance
  CControl.vcxproj -> C:\Users\dmn\GitHub\CControl\x64\Release\CControl.exe
