c:\users\dmn\github\ccontrol\src\x64\debug\vc143.pdb
c:\users\dmn\github\ccontrol\src\x64\debug\vc143.idb
c:\users\dmn\github\ccontrol\src\x64\debug\cholupdate.obj
c:\users\dmn\github\ccontrol\src\x64\debug\chol.obj
c:\users\dmn\github\ccontrol\src\x64\debug\balance.obj
c:\users\dmn\github\ccontrol\src\x64\debug\scan_file_names.obj
c:\users\dmn\github\ccontrol\src\x64\debug\scan_sub_folder_names.obj
c:\users\dmn\github\ccontrol\src\x64\debug\count_sub_folders.obj
c:\users\dmn\github\ccontrol\src\x64\debug\concatenate_paths.obj
c:\users\dmn\github\ccontrol\src\x64\debug\theta2ss.obj
c:\users\dmn\github\ccontrol\src\x64\debug\stability.obj
c:\users\dmn\github\ccontrol\src\x64\debug\mrac.obj
c:\users\dmn\github\ccontrol\src\x64\debug\mpc.obj
c:\users\dmn\github\ccontrol\src\x64\debug\lqi.obj
c:\users\dmn\github\ccontrol\src\x64\debug\kalman.obj
c:\users\dmn\github\ccontrol\src\x64\debug\c2d.obj
c:\users\dmn\github\ccontrol\src\x64\debug\inpolygon.obj
c:\users\dmn\github\ccontrol\src\x64\debug\astar.obj
c:\users\dmn\github\ccontrol\src\x64\debug\linsolve_upper_triangular.obj
c:\users\dmn\github\ccontrol\src\x64\debug\linsolve_qr.obj
c:\users\dmn\github\ccontrol\src\x64\debug\linsolve_lup.obj
c:\users\dmn\github\ccontrol\src\x64\debug\linsolve_lower_triangular.obj
c:\users\dmn\github\ccontrol\src\x64\debug\linsolve_gauss.obj
c:\users\dmn\github\ccontrol\src\x64\debug\linsolve_chol.obj
c:\users\dmn\github\ccontrol\src\x64\debug\inv.obj
c:\users\dmn\github\ccontrol\src\x64\debug\hankel.obj
c:\users\dmn\github\ccontrol\src\x64\debug\expm.obj
c:\users\dmn\github\ccontrol\src\x64\debug\eig_generalized.obj
c:\users\dmn\github\ccontrol\src\x64\debug\eig.obj
c:\users\dmn\github\ccontrol\src\x64\debug\dot.obj
c:\users\dmn\github\ccontrol\src\x64\debug\dlyap.obj
c:\users\dmn\github\ccontrol\src\x64\debug\det.obj
c:\users\dmn\github\ccontrol\src\x64\debug\fft2.obj
c:\users\dmn\github\ccontrol\src\x64\debug\fft.obj
c:\users\dmn\github\ccontrol\src\x64\debug\issymmetric.obj
c:\users\dmn\github\ccontrol\src\x64\debug\svm.obj
c:\users\dmn\github\ccontrol\src\x64\debug\nn.obj
c:\users\dmn\github\ccontrol\src\x64\debug\fisherfaces.obj
c:\users\dmn\github\ccontrol\src\x64\debug\dbscan.obj
c:\users\dmn\github\ccontrol\src\x64\debug\tran.obj
c:\users\dmn\github\ccontrol\src\x64\debug\svd.obj
c:\users\dmn\github\ccontrol\src\x64\debug\rank.obj
c:\users\dmn\github\ccontrol\src\x64\debug\qr.obj
c:\users\dmn\github\ccontrol\src\x64\debug\pinv.obj
c:\users\dmn\github\ccontrol\src\x64\debug\norm.obj
c:\users\dmn\github\ccontrol\src\x64\debug\nonlinsolve.obj
c:\users\dmn\github\ccontrol\src\x64\debug\mul.obj
c:\users\dmn\github\ccontrol\src\x64\debug\lup.obj
c:\users\dmn\github\ccontrol\src\x64\debug\center.obj
c:\users\dmn\github\ccontrol\src\x64\debug\lsqnonneg.obj
c:\users\dmn\github\ccontrol\src\x64\debug\pdist2.obj
c:\users\dmn\github\ccontrol\src\x64\debug\insert.obj
c:\users\dmn\github\ccontrol\src\x64\debug\find.obj
c:\users\dmn\github\ccontrol\src\x64\debug\cut.obj
c:\users\dmn\github\ccontrol\src\x64\debug\cat.obj
c:\users\dmn\github\ccontrol\src\x64\debug\amax.obj
c:\users\dmn\github\ccontrol\src\x64\debug\ifft2.obj
c:\users\dmn\github\ccontrol\src\x64\debug\ifft.obj
c:\users\dmn\github\ccontrol\src\x64\debug\pca.obj
c:\users\dmn\github\ccontrol\src\x64\debug\lda.obj
c:\users\dmn\github\ccontrol\src\x64\debug\quadprog.obj
c:\users\dmn\github\ccontrol\src\x64\debug\linprog.obj
c:\users\dmn\github\ccontrol\src\x64\debug\vmin.obj
c:\users\dmn\github\ccontrol\src\x64\debug\vmax.obj
c:\users\dmn\github\ccontrol\src\x64\debug\sum.obj
c:\users\dmn\github\ccontrol\src\x64\debug\stddev.obj
c:\users\dmn\github\ccontrol\src\x64\debug\randperm.obj
c:\users\dmn\github\ccontrol\src\x64\debug\sort.obj
c:\users\dmn\github\ccontrol\src\x64\debug\sign.obj
c:\users\dmn\github\ccontrol\src\x64\debug\saturation.obj
c:\users\dmn\github\ccontrol\src\x64\debug\randn.obj
c:\users\dmn\github\ccontrol\src\x64\debug\print.obj
c:\users\dmn\github\ccontrol\src\x64\debug\mean.obj
c:\users\dmn\github\ccontrol\src\x64\debug\kpca.obj
c:\users\dmn\github\ccontrol\src\x64\debug\kernel.obj
c:\users\dmn\github\ccontrol\src\x64\debug\covm.obj
c:\users\dmn\github\ccontrol\src\x64\debug\cov.obj
c:\users\dmn\github\ccontrol\src\x64\debug\main.obj
c:\users\dmn\github\ccontrol\src\x64\debug\sr_ukf_parameter_estimation.obj
c:\users\dmn\github\ccontrol\src\x64\debug\rls.obj
c:\users\dmn\github\ccontrol\src\x64\debug\okid.obj
c:\users\dmn\github\ccontrol\src\x64\debug\era.obj
c:\users\dmn\github\ccontrol\src\x64\debug\var.obj
c:\users\dmn\github\ccontrol\src\x64\debug\fftpack.obj
c:\users\dmn\github\ccontrol\src\x64\debug\sobel.obj
c:\users\dmn\github\ccontrol\src\x64\debug\rpca.obj
c:\users\dmn\github\ccontrol\src\x64\debug\sr_ukf_state_estimation.obj
c:\users\dmn\github\ccontrol\src\x64\debug\pf.obj
c:\users\dmn\github\ccontrol\src\x64\debug\filtfilt.obj
c:\users\dmn\github\ccontrol\src\x64\debug\cluster_filter.obj
c:\users\dmn\github\ccontrol\src\x64\debug\deg2rad.obj
c:\users\dmn\github\ccontrol\src\x64\debug\rad2deg.obj
c:\users\dmn\github\ccontrol\src\x64\debug\imshow.obj
c:\users\dmn\github\ccontrol\src\x64\debug\imread.obj
c:\users\dmn\github\ccontrol\src\x64\debug\imfree.obj
c:\users\dmn\github\ccontrol\src\x64\debug\imgaussfilt.obj
c:\users\dmn\github\ccontrol\src\x64\debug\imresize.obj
c:\users\dmn\github\ccontrol\src\x64\debug\fftshift.obj
c:\users\dmn\github\ccontrol\src\x64\debug\ifftshift.obj
c:\users\dmn\github\ccontrol\src\x64\debug\pooling.obj
c:\users\dmn\github\ccontrol\src\x64\debug\lbp.obj
c:\users\dmn\github\ccontrol\src\x64\debug\kmeans.obj
c:\users\dmn\github\ccontrol\src\x64\debug\area.obj
c:\users\dmn\github\ccontrol\src\x64\debug\imcollect.obj
c:\users\dmn\github\ccontrol\src\x64\debug\detectmemoryleak.obj
c:\users\dmn\github\ccontrol\src\x64\debug\popcount.obj
c:\users\dmn\github\ccontrol\src\x64\debug\anglevector.obj
c:\users\dmn\github\ccontrol\src\x64\debug\kpca_lda_nn.obj
c:\users\dmn\github\ccontrol\src\x64\debug\hough.obj
c:\users\dmn\github\ccontrol\src\x64\debug\conv2.obj
c:\users\dmn\github\ccontrol\src\x64\debug\fspecial.obj
c:\users\dmn\github\ccontrol\src\x64\debug\harris.obj
c:\users\dmn\github\ccontrol\src\x64\debug\conv2fft.obj
c:\users\dmn\github\ccontrol\src\x64\debug\amin.obj
c:\users\dmn\github\ccontrol\src\x64\debug\orientation.obj
c:\users\dmn\github\ccontrol\src\x64\debug\opa.obj
c:\users\dmn\github\ccontrol\src\x64\debug\clustersdistance.obj
c:\users\dmn\github\ccontrol\src\x64\debug\clusterratio.obj
c:\users\dmn\github\ccontrol\src\x64\debug\centroid.obj
c:\users\dmn\github\ccontrol\src\x64\debug\cornerdetection.obj
c:\users\dmn\github\ccontrol\src\x64\debug\clusterclassification.obj
c:\users\dmn\github\ccontrol\src\x64\debug\featuredetection.obj
c:\users\dmn\github\ccontrol\src\x64\debug\generalizedhough.obj
c:\users\dmn\github\ccontrol\src\x64\debug\unit.obj
c:\users\dmn\github\ccontrol\src\x64\debug\rot2d.obj
c:\users\dmn\github\ccontrol\src\x64\debug\scalar.obj
c:\users\dmn\github\ccontrol\src\x64\debug\ind2sub.obj
c:\users\dmn\github\ccontrol\x64\debug\ccontrol.exe
c:\users\dmn\github\ccontrol\src\x64\debug\ccontrol.ilk
c:\users\dmn\github\ccontrol\x64\debug\ccontrol.pdb
c:\users\dmn\github\ccontrol\src\x64\debug\anglecluster.obj
c:\users\dmn\github\ccontrol\src\x64\debug\brisk.obj
c:\users\dmn\github\ccontrol\src\x64\debug\briskt.obj
c:\users\dmn\github\ccontrol\src\x64\debug\c1f2kb.obj
c:\users\dmn\github\ccontrol\src\x64\debug\c1f2kf.obj
c:\users\dmn\github\ccontrol\src\x64\debug\c1f3kb.obj
c:\users\dmn\github\ccontrol\src\x64\debug\c1f3kf.obj
c:\users\dmn\github\ccontrol\src\x64\debug\c1f4kb.obj
c:\users\dmn\github\ccontrol\src\x64\debug\c1f4kf.obj
c:\users\dmn\github\ccontrol\src\x64\debug\c1f5kb.obj
c:\users\dmn\github\ccontrol\src\x64\debug\c1f5kf.obj
c:\users\dmn\github\ccontrol\src\x64\debug\c1fgkb.obj
c:\users\dmn\github\ccontrol\src\x64\debug\c1fgkf.obj
c:\users\dmn\github\ccontrol\src\x64\debug\c1fm1b.obj
c:\users\dmn\github\ccontrol\src\x64\debug\c1fm1f.obj
c:\users\dmn\github\ccontrol\src\x64\debug\cfft1b.obj
c:\users\dmn\github\ccontrol\src\x64\debug\cfft1f.obj
c:\users\dmn\github\ccontrol\src\x64\debug\cfft1i.obj
c:\users\dmn\github\ccontrol\src\x64\debug\cfft2b.obj
c:\users\dmn\github\ccontrol\src\x64\debug\cfft2f.obj
c:\users\dmn\github\ccontrol\src\x64\debug\cfft2i.obj
c:\users\dmn\github\ccontrol\src\x64\debug\cfftmb.obj
c:\users\dmn\github\ccontrol\src\x64\debug\cfftmf.obj
c:\users\dmn\github\ccontrol\src\x64\debug\cfftmi.obj
c:\users\dmn\github\ccontrol\src\x64\debug\circleaverage.obj
c:\users\dmn\github\ccontrol\src\x64\debug\close.obj
c:\users\dmn\github\ccontrol\src\x64\debug\clusterangle.obj
c:\users\dmn\github\ccontrol\src\x64\debug\clusterdensity.obj
c:\users\dmn\github\ccontrol\src\x64\debug\clusterscompare.obj
c:\users\dmn\github\ccontrol\src\x64\debug\clustersize.obj
c:\users\dmn\github\ccontrol\src\x64\debug\cmf2kb.obj
c:\users\dmn\github\ccontrol\src\x64\debug\cmf2kf.obj
c:\users\dmn\github\ccontrol\src\x64\debug\cmf3kb.obj
c:\users\dmn\github\ccontrol\src\x64\debug\cmf3kf.obj
c:\users\dmn\github\ccontrol\src\x64\debug\cmf4kb.obj
c:\users\dmn\github\ccontrol\src\x64\debug\cmf4kf.obj
c:\users\dmn\github\ccontrol\src\x64\debug\cmf5kb.obj
c:\users\dmn\github\ccontrol\src\x64\debug\cmf5kf.obj
c:\users\dmn\github\ccontrol\src\x64\debug\cmfgkb.obj
c:\users\dmn\github\ccontrol\src\x64\debug\cmfgkf.obj
c:\users\dmn\github\ccontrol\src\x64\debug\cmfm1b.obj
c:\users\dmn\github\ccontrol\src\x64\debug\cmfm1f.obj
c:\users\dmn\github\ccontrol\src\x64\debug\collectdata.obj
c:\users\dmn\github\ccontrol\src\x64\debug\collect_data.obj
c:\users\dmn\github\ccontrol\src\x64\debug\cosq1b.obj
c:\users\dmn\github\ccontrol\src\x64\debug\cosq1f.obj
c:\users\dmn\github\ccontrol\src\x64\debug\cosq1i.obj
c:\users\dmn\github\ccontrol\src\x64\debug\cosqb1.obj
c:\users\dmn\github\ccontrol\src\x64\debug\cosqf1.obj
c:\users\dmn\github\ccontrol\src\x64\debug\cosqmb.obj
c:\users\dmn\github\ccontrol\src\x64\debug\cosqmf.obj
c:\users\dmn\github\ccontrol\src\x64\debug\cosqmi.obj
c:\users\dmn\github\ccontrol\src\x64\debug\cost1b.obj
c:\users\dmn\github\ccontrol\src\x64\debug\cost1f.obj
c:\users\dmn\github\ccontrol\src\x64\debug\cost1i.obj
c:\users\dmn\github\ccontrol\src\x64\debug\costb1.obj
c:\users\dmn\github\ccontrol\src\x64\debug\costf1.obj
c:\users\dmn\github\ccontrol\src\x64\debug\costmb.obj
c:\users\dmn\github\ccontrol\src\x64\debug\costmf.obj
c:\users\dmn\github\ccontrol\src\x64\debug\costmi.obj
c:\users\dmn\github\ccontrol\src\x64\debug\endfile.obj
c:\users\dmn\github\ccontrol\src\x64\debug\err.obj
c:\users\dmn\github\ccontrol\src\x64\debug\exit_.obj
c:\users\dmn\github\ccontrol\src\x64\debug\f77_aloc.obj
c:\users\dmn\github\ccontrol\src\x64\debug\factor.obj
c:\users\dmn\github\ccontrol\src\x64\debug\fast.obj
c:\users\dmn\github\ccontrol\src\x64\debug\fasto.obj
c:\users\dmn\github\ccontrol\src\x64\debug\fast_corner.obj
c:\users\dmn\github\ccontrol\src\x64\debug\fast_features.obj
c:\users\dmn\github\ccontrol\src\x64\debug\fmt.obj
c:\users\dmn\github\ccontrol\src\x64\debug\fmtlib.obj
c:\users\dmn\github\ccontrol\src\x64\debug\hog.obj
c:\users\dmn\github\ccontrol\src\x64\debug\ieeeck.obj
c:\users\dmn\github\ccontrol\src\x64\debug\iladlc.obj
c:\users\dmn\github\ccontrol\src\x64\debug\iladlr.obj
c:\users\dmn\github\ccontrol\src\x64\debug\ilaenv.obj
c:\users\dmn\github\ccontrol\src\x64\debug\ilaslc.obj
c:\users\dmn\github\ccontrol\src\x64\debug\ilaslr.obj
c:\users\dmn\github\ccontrol\src\x64\debug\iparmq.obj
c:\users\dmn\github\ccontrol\src\x64\debug\isamax.obj
c:\users\dmn\github\ccontrol\src\x64\debug\i_len_trim.obj
c:\users\dmn\github\ccontrol\src\x64\debug\i_nint.obj
c:\users\dmn\github\ccontrol\src\x64\debug\lsame.obj
c:\users\dmn\github\ccontrol\src\x64\debug\mcfti1.obj
c:\users\dmn\github\ccontrol\src\x64\debug\mcsqb1.obj
c:\users\dmn\github\ccontrol\src\x64\debug\mcsqf1.obj
c:\users\dmn\github\ccontrol\src\x64\debug\mcstb1.obj
c:\users\dmn\github\ccontrol\src\x64\debug\mcstf1.obj
c:\users\dmn\github\ccontrol\src\x64\debug\mradb2.obj
c:\users\dmn\github\ccontrol\src\x64\debug\mradb3.obj
c:\users\dmn\github\ccontrol\src\x64\debug\mradb4.obj
c:\users\dmn\github\ccontrol\src\x64\debug\mradb5.obj
c:\users\dmn\github\ccontrol\src\x64\debug\mradbg.obj
c:\users\dmn\github\ccontrol\src\x64\debug\mradf2.obj
c:\users\dmn\github\ccontrol\src\x64\debug\mradf3.obj
c:\users\dmn\github\ccontrol\src\x64\debug\mradf4.obj
c:\users\dmn\github\ccontrol\src\x64\debug\mradf5.obj
c:\users\dmn\github\ccontrol\src\x64\debug\mradfg.obj
c:\users\dmn\github\ccontrol\src\x64\debug\mrftb1.obj
c:\users\dmn\github\ccontrol\src\x64\debug\mrftf1.obj
c:\users\dmn\github\ccontrol\src\x64\debug\mrfti1.obj
c:\users\dmn\github\ccontrol\src\x64\debug\msntb1.obj
c:\users\dmn\github\ccontrol\src\x64\debug\msntf1.obj
c:\users\dmn\github\ccontrol\src\x64\debug\odbrisk.obj
c:\users\dmn\github\ccontrol\src\x64\debug\odorp.obj
c:\users\dmn\github\ccontrol\src\x64\debug\open.obj
c:\users\dmn\github\ccontrol\src\x64\debug\orb.obj
c:\users\dmn\github\ccontrol\src\x64\debug\orp.obj
c:\users\dmn\github\ccontrol\src\x64\debug\pgm.obj
c:\users\dmn\github\ccontrol\src\x64\debug\pow_dd.obj
c:\users\dmn\github\ccontrol\src\x64\debug\pow_ii.obj
c:\users\dmn\github\ccontrol\src\x64\debug\pow_ri.obj
c:\users\dmn\github\ccontrol\src\x64\debug\procrustes.obj
c:\users\dmn\github\ccontrol\src\x64\debug\r1f2kb.obj
c:\users\dmn\github\ccontrol\src\x64\debug\r1f2kf.obj
c:\users\dmn\github\ccontrol\src\x64\debug\r1f3kb.obj
c:\users\dmn\github\ccontrol\src\x64\debug\r1f3kf.obj
c:\users\dmn\github\ccontrol\src\x64\debug\r1f4kb.obj
c:\users\dmn\github\ccontrol\src\x64\debug\r1f4kf.obj
c:\users\dmn\github\ccontrol\src\x64\debug\r1f5kb.obj
c:\users\dmn\github\ccontrol\src\x64\debug\r1f5kf.obj
c:\users\dmn\github\ccontrol\src\x64\debug\r1fgkb.obj
c:\users\dmn\github\ccontrol\src\x64\debug\r1fgkf.obj
c:\users\dmn\github\ccontrol\src\x64\debug\r2w.obj
c:\users\dmn\github\ccontrol\src\x64\debug\rfft1b.obj
c:\users\dmn\github\ccontrol\src\x64\debug\rfft1f.obj
c:\users\dmn\github\ccontrol\src\x64\debug\rfft1i.obj
c:\users\dmn\github\ccontrol\src\x64\debug\rfft2b.obj
c:\users\dmn\github\ccontrol\src\x64\debug\rfft2f.obj
c:\users\dmn\github\ccontrol\src\x64\debug\rfft2i.obj
c:\users\dmn\github\ccontrol\src\x64\debug\rfftb1.obj
c:\users\dmn\github\ccontrol\src\x64\debug\rfftf1.obj
c:\users\dmn\github\ccontrol\src\x64\debug\rffti1.obj
c:\users\dmn\github\ccontrol\src\x64\debug\rfftmb.obj
c:\users\dmn\github\ccontrol\src\x64\debug\rfftmf.obj
c:\users\dmn\github\ccontrol\src\x64\debug\rfftmi.obj
c:\users\dmn\github\ccontrol\src\x64\debug\r_lg10.obj
c:\users\dmn\github\ccontrol\src\x64\debug\r_sign.obj
c:\users\dmn\github\ccontrol\src\x64\debug\saxpy.obj
c:\users\dmn\github\ccontrol\src\x64\debug\sbdsdc.obj
c:\users\dmn\github\ccontrol\src\x64\debug\sbdsqr.obj
c:\users\dmn\github\ccontrol\src\x64\debug\sceil.obj
c:\users\dmn\github\ccontrol\src\x64\debug\scopy.obj
c:\users\dmn\github\ccontrol\src\x64\debug\sdot.obj
c:\users\dmn\github\ccontrol\src\x64\debug\sfa.obj
c:\users\dmn\github\ccontrol\src\x64\debug\sfaod.obj
c:\users\dmn\github\ccontrol\src\x64\debug\sfe.obj
c:\users\dmn\github\ccontrol\src\x64\debug\sgebak.obj
c:\users\dmn\github\ccontrol\src\x64\debug\sgebal.obj
c:\users\dmn\github\ccontrol\src\x64\debug\sgebd2.obj
c:\users\dmn\github\ccontrol\src\x64\debug\sgebrd.obj
c:\users\dmn\github\ccontrol\src\x64\debug\sgeev.obj
c:\users\dmn\github\ccontrol\src\x64\debug\sgehd2.obj
c:\users\dmn\github\ccontrol\src\x64\debug\sgehrd.obj
c:\users\dmn\github\ccontrol\src\x64\debug\sgelq2.obj
c:\users\dmn\github\ccontrol\src\x64\debug\sgelqf.obj
c:\users\dmn\github\ccontrol\src\x64\debug\sgemm.obj
c:\users\dmn\github\ccontrol\src\x64\debug\sgemv.obj
c:\users\dmn\github\ccontrol\src\x64\debug\sgeqr2.obj
c:\users\dmn\github\ccontrol\src\x64\debug\sgeqrf.obj
c:\users\dmn\github\ccontrol\src\x64\debug\sger.obj
c:\users\dmn\github\ccontrol\src\x64\debug\sgesdd.obj
c:\users\dmn\github\ccontrol\src\x64\debug\sgesvd.obj
c:\users\dmn\github\ccontrol\src\x64\debug\sgetrf.obj
c:\users\dmn\github\ccontrol\src\x64\debug\sgetri.obj
c:\users\dmn\github\ccontrol\src\x64\debug\sgetrs.obj
c:\users\dmn\github\ccontrol\src\x64\debug\sggbak.obj
c:\users\dmn\github\ccontrol\src\x64\debug\sggbal.obj
c:\users\dmn\github\ccontrol\src\x64\debug\sggev.obj
c:\users\dmn\github\ccontrol\src\x64\debug\sgghrd.obj
c:\users\dmn\github\ccontrol\src\x64\debug\shgeqz.obj
c:\users\dmn\github\ccontrol\src\x64\debug\shseqr.obj
c:\users\dmn\github\ccontrol\src\x64\debug\sig_die.obj
c:\users\dmn\github\ccontrol\src\x64\debug\sinq1b.obj
c:\users\dmn\github\ccontrol\src\x64\debug\sinq1f.obj
c:\users\dmn\github\ccontrol\src\x64\debug\sinq1i.obj
c:\users\dmn\github\ccontrol\src\x64\debug\sinqmb.obj
c:\users\dmn\github\ccontrol\src\x64\debug\sinqmf.obj
c:\users\dmn\github\ccontrol\src\x64\debug\sinqmi.obj
c:\users\dmn\github\ccontrol\src\x64\debug\sint1b.obj
c:\users\dmn\github\ccontrol\src\x64\debug\sint1f.obj
c:\users\dmn\github\ccontrol\src\x64\debug\sint1i.obj
c:\users\dmn\github\ccontrol\src\x64\debug\sintb1.obj
c:\users\dmn\github\ccontrol\src\x64\debug\sintf1.obj
c:\users\dmn\github\ccontrol\src\x64\debug\sintmb.obj
c:\users\dmn\github\ccontrol\src\x64\debug\sintmf.obj
c:\users\dmn\github\ccontrol\src\x64\debug\sintmi.obj
c:\users\dmn\github\ccontrol\src\x64\debug\sisnan.obj
c:\users\dmn\github\ccontrol\src\x64\debug\slabad.obj
c:\users\dmn\github\ccontrol\src\x64\debug\slabrd.obj
c:\users\dmn\github\ccontrol\src\x64\debug\slacpy.obj
c:\users\dmn\github\ccontrol\src\x64\debug\sladiv.obj
c:\users\dmn\github\ccontrol\src\x64\debug\slae2.obj
c:\users\dmn\github\ccontrol\src\x64\debug\slaed0.obj
c:\users\dmn\github\ccontrol\src\x64\debug\slaed1.obj
c:\users\dmn\github\ccontrol\src\x64\debug\slaed2.obj
c:\users\dmn\github\ccontrol\src\x64\debug\slaed3.obj
c:\users\dmn\github\ccontrol\src\x64\debug\slaed4.obj
c:\users\dmn\github\ccontrol\src\x64\debug\slaed5.obj
c:\users\dmn\github\ccontrol\src\x64\debug\slaed6.obj
c:\users\dmn\github\ccontrol\src\x64\debug\slaed7.obj
c:\users\dmn\github\ccontrol\src\x64\debug\slaed8.obj
c:\users\dmn\github\ccontrol\src\x64\debug\slaed9.obj
c:\users\dmn\github\ccontrol\src\x64\debug\slaeda.obj
c:\users\dmn\github\ccontrol\src\x64\debug\slaev2.obj
c:\users\dmn\github\ccontrol\src\x64\debug\slaexc.obj
c:\users\dmn\github\ccontrol\src\x64\debug\slag2.obj
c:\users\dmn\github\ccontrol\src\x64\debug\slahqr.obj
c:\users\dmn\github\ccontrol\src\x64\debug\slahr2.obj
c:\users\dmn\github\ccontrol\src\x64\debug\slaisnan.obj
c:\users\dmn\github\ccontrol\src\x64\debug\slaln2.obj
c:\users\dmn\github\ccontrol\src\x64\debug\slamch.obj
c:\users\dmn\github\ccontrol\src\x64\debug\slamrg.obj
c:\users\dmn\github\ccontrol\src\x64\debug\slange.obj
c:\users\dmn\github\ccontrol\src\x64\debug\slanhs.obj
c:\users\dmn\github\ccontrol\src\x64\debug\slanst.obj
c:\users\dmn\github\ccontrol\src\x64\debug\slansy.obj
c:\users\dmn\github\ccontrol\src\x64\debug\slanv2.obj
c:\users\dmn\github\ccontrol\src\x64\debug\slapy2.obj
c:\users\dmn\github\ccontrol\src\x64\debug\slapy3.obj
c:\users\dmn\github\ccontrol\src\x64\debug\slaqr0.obj
c:\users\dmn\github\ccontrol\src\x64\debug\slaqr1.obj
c:\users\dmn\github\ccontrol\src\x64\debug\slaqr2.obj
c:\users\dmn\github\ccontrol\src\x64\debug\slaqr3.obj
c:\users\dmn\github\ccontrol\src\x64\debug\slaqr4.obj
c:\users\dmn\github\ccontrol\src\x64\debug\slaqr5.obj
c:\users\dmn\github\ccontrol\src\x64\debug\slarf.obj
c:\users\dmn\github\ccontrol\src\x64\debug\slarfb.obj
c:\users\dmn\github\ccontrol\src\x64\debug\slarfg.obj
c:\users\dmn\github\ccontrol\src\x64\debug\slarfp.obj
c:\users\dmn\github\ccontrol\src\x64\debug\slarft.obj
c:\users\dmn\github\ccontrol\src\x64\debug\slarfx.obj
c:\users\dmn\github\ccontrol\src\x64\debug\slartg.obj
c:\users\dmn\github\ccontrol\src\x64\debug\slas2.obj
c:\users\dmn\github\ccontrol\src\x64\debug\slascl.obj
c:\users\dmn\github\ccontrol\src\x64\debug\slasd0.obj
c:\users\dmn\github\ccontrol\src\x64\debug\slasd1.obj
c:\users\dmn\github\ccontrol\src\x64\debug\slasd2.obj
c:\users\dmn\github\ccontrol\src\x64\debug\slasd3.obj
c:\users\dmn\github\ccontrol\src\x64\debug\slasd4.obj
c:\users\dmn\github\ccontrol\src\x64\debug\slasd5.obj
c:\users\dmn\github\ccontrol\src\x64\debug\slasd6.obj
c:\users\dmn\github\ccontrol\src\x64\debug\slasd7.obj
c:\users\dmn\github\ccontrol\src\x64\debug\slasd8.obj
c:\users\dmn\github\ccontrol\src\x64\debug\slasda.obj
c:\users\dmn\github\ccontrol\src\x64\debug\slasdq.obj
c:\users\dmn\github\ccontrol\src\x64\debug\slasdt.obj
c:\users\dmn\github\ccontrol\src\x64\debug\slaset.obj
c:\users\dmn\github\ccontrol\src\x64\debug\slasq1.obj
c:\users\dmn\github\ccontrol\src\x64\debug\slasq2.obj
c:\users\dmn\github\ccontrol\src\x64\debug\slasq3.obj
c:\users\dmn\github\ccontrol\src\x64\debug\slasq4.obj
c:\users\dmn\github\ccontrol\src\x64\debug\slasq5.obj
c:\users\dmn\github\ccontrol\src\x64\debug\slasq6.obj
c:\users\dmn\github\ccontrol\src\x64\debug\slasr.obj
c:\users\dmn\github\ccontrol\src\x64\debug\slasrt.obj
c:\users\dmn\github\ccontrol\src\x64\debug\slassq.obj
c:\users\dmn\github\ccontrol\src\x64\debug\slasv2.obj
c:\users\dmn\github\ccontrol\src\x64\debug\slaswp.obj
c:\users\dmn\github\ccontrol\src\x64\debug\slasy2.obj
c:\users\dmn\github\ccontrol\src\x64\debug\slatrd.obj
c:\users\dmn\github\ccontrol\src\x64\debug\snrm2.obj
c:\users\dmn\github\ccontrol\src\x64\debug\sorg2r.obj
c:\users\dmn\github\ccontrol\src\x64\debug\sorgbr.obj
c:\users\dmn\github\ccontrol\src\x64\debug\sorghr.obj
c:\users\dmn\github\ccontrol\src\x64\debug\sorgl2.obj
c:\users\dmn\github\ccontrol\src\x64\debug\sorglq.obj
c:\users\dmn\github\ccontrol\src\x64\debug\sorgqr.obj
c:\users\dmn\github\ccontrol\src\x64\debug\sorm2l.obj
c:\users\dmn\github\ccontrol\src\x64\debug\sorm2r.obj
c:\users\dmn\github\ccontrol\src\x64\debug\sormbr.obj
c:\users\dmn\github\ccontrol\src\x64\debug\sormhr.obj
c:\users\dmn\github\ccontrol\src\x64\debug\sorml2.obj
c:\users\dmn\github\ccontrol\src\x64\debug\sormlq.obj
c:\users\dmn\github\ccontrol\src\x64\debug\sormql.obj
c:\users\dmn\github\ccontrol\src\x64\debug\sormqr.obj
c:\users\dmn\github\ccontrol\src\x64\debug\sormtr.obj
c:\users\dmn\github\ccontrol\src\x64\debug\sposv.obj
c:\users\dmn\github\ccontrol\src\x64\debug\spotf2.obj
c:\users\dmn\github\ccontrol\src\x64\debug\spotrf.obj
c:\users\dmn\github\ccontrol\src\x64\debug\spotrs.obj
c:\users\dmn\github\ccontrol\src\x64\debug\srot.obj
c:\users\dmn\github\ccontrol\src\x64\debug\sscal.obj
c:\users\dmn\github\ccontrol\src\x64\debug\sstedc.obj
c:\users\dmn\github\ccontrol\src\x64\debug\ssteqr.obj
c:\users\dmn\github\ccontrol\src\x64\debug\ssterf.obj
c:\users\dmn\github\ccontrol\src\x64\debug\sswap.obj
c:\users\dmn\github\ccontrol\src\x64\debug\ssyevd.obj
c:\users\dmn\github\ccontrol\src\x64\debug\ssygs2.obj
c:\users\dmn\github\ccontrol\src\x64\debug\ssygst.obj
c:\users\dmn\github\ccontrol\src\x64\debug\ssygvd.obj
c:\users\dmn\github\ccontrol\src\x64\debug\ssymm.obj
c:\users\dmn\github\ccontrol\src\x64\debug\ssymv.obj
c:\users\dmn\github\ccontrol\src\x64\debug\ssyr2.obj
c:\users\dmn\github\ccontrol\src\x64\debug\ssyr2k.obj
c:\users\dmn\github\ccontrol\src\x64\debug\ssyrk.obj
c:\users\dmn\github\ccontrol\src\x64\debug\ssytd2.obj
c:\users\dmn\github\ccontrol\src\x64\debug\ssytrd.obj
c:\users\dmn\github\ccontrol\src\x64\debug\stgevc.obj
c:\users\dmn\github\ccontrol\src\x64\debug\strevc.obj
c:\users\dmn\github\ccontrol\src\x64\debug\strexc.obj
c:\users\dmn\github\ccontrol\src\x64\debug\strmm.obj
c:\users\dmn\github\ccontrol\src\x64\debug\strmv.obj
c:\users\dmn\github\ccontrol\src\x64\debug\strsm.obj
c:\users\dmn\github\ccontrol\src\x64\debug\strsv.obj
c:\users\dmn\github\ccontrol\src\x64\debug\strti2.obj
c:\users\dmn\github\ccontrol\src\x64\debug\strtri.obj
c:\users\dmn\github\ccontrol\src\x64\debug\s_cat.obj
c:\users\dmn\github\ccontrol\src\x64\debug\s_cmp.obj
c:\users\dmn\github\ccontrol\src\x64\debug\s_copy.obj
c:\users\dmn\github\ccontrol\src\x64\debug\s_stop.obj
c:\users\dmn\github\ccontrol\src\x64\debug\tables.obj
c:\users\dmn\github\ccontrol\src\x64\debug\util.obj
c:\users\dmn\github\ccontrol\src\x64\debug\w2r.obj
c:\users\dmn\github\ccontrol\src\x64\debug\wref.obj
c:\users\dmn\github\ccontrol\src\x64\debug\wrtfmt.obj
c:\users\dmn\github\ccontrol\src\x64\debug\wsfe.obj
c:\users\dmn\github\ccontrol\src\x64\debug\xerbla.obj
c:\users\dmn\github\ccontrol\src\x64\debug\xercon.obj
c:\users\dmn\github\ccontrol\src\x64\debug\xerfft.obj
c:\users\dmn\github\ccontrol\src\x64\debug\anglevector.obj.enc
c:\users\dmn\github\ccontrol\src\x64\debug\collect_data.obj.enc
c:\users\dmn\github\ccontrol\src\x64\debug\generalizedhough.obj.enc
c:\users\dmn\github\ccontrol\src\x64\debug\ccontrol.vcxproj.cppwinrt_comp.rsp
c:\users\dmn\github\ccontrol\src\x64\debug\ccontrol.vcxproj.cppwinrt_plat.rsp
c:\users\dmn\github\ccontrol\src\x64\debug\ccontrol.vcxproj.mdmerge.rsp
c:\users\dmn\github\ccontrol\src\x64\debug\ccontrol.vcxproj.midlrt.rsp
c:\users\dmn\github\ccontrol\src\x64\debug\ccontrol.tlog\cl.command.1.tlog
c:\users\dmn\github\ccontrol\src\x64\debug\ccontrol.tlog\cl.items.tlog
c:\users\dmn\github\ccontrol\src\x64\debug\ccontrol.tlog\cl.read.1.tlog
c:\users\dmn\github\ccontrol\src\x64\debug\ccontrol.tlog\cl.write.1.tlog
c:\users\dmn\github\ccontrol\src\x64\debug\ccontrol.tlog\link.command.1.tlog
c:\users\dmn\github\ccontrol\src\x64\debug\ccontrol.tlog\link.read.1.tlog
c:\users\dmn\github\ccontrol\src\x64\debug\ccontrol.tlog\link.write.1.tlog
